app/build/intermediates/manifest_merge_blame_file/debug/processDebugMainManifest/manifest-merger-blame-debug-report.txt
1<?xml version="1.0" encoding="utf-8"?>
2<manifest xmlns:android="http://schemas.android.com/apk/res/android"
3    package="com.example.mydevesstream"
4    android:versionCode="1"
5    android:versionName="1.0" >
6
7    <uses-sdk
8        android:minSdkVersion="24"
9        android:targetSdkVersion="34" />
10
11    <uses-permission android:name="android.permission.INTERNET" />
11-->src\main\AndroidManifest.xml:5:5-67
11-->src\main\AndroidManifest.xml:5:22-64
12    <uses-permission android:name="android.permission.ACCESS_NETWORK_STATE" />
12-->src\main\AndroidManifest.xml:6:5-79
12-->src\main\AndroidManifest.xml:6:22-76
13    <uses-permission android:name="android.permission.WRITE_EXTERNAL_STORAGE" />
13-->src\main\AndroidManifest.xml:7:5-80
13-->src\main\AndroidManifest.xml:7:22-78
14    <uses-permission android:name="android.permission.READ_EXTERNAL_STORAGE" />
14-->src\main\AndroidManifest.xml:8:5-79
14-->src\main\AndroidManifest.xml:8:22-77
15
16    <!-- This permission is required to start foreground services in Android P. -->
17    <uses-permission android:name="android.permission.FOREGROUND_SERVICE" />
17-->[com.google.android.gms:play-services-cast-framework:21.2.0] AndroidManifest.xml:10:5-77
17-->[com.google.android.gms:play-services-cast-framework:21.2.0] AndroidManifest.xml:10:22-74
18
19    <queries>
19-->[com.google.android.gms:play-services-cast-framework:21.2.0] AndroidManifest.xml:12:5-14:15
20        <package android:name="com.google.android.gms.policy_cast_dynamite" />
20-->[com.google.android.gms:play-services-cast-framework:21.2.0] AndroidManifest.xml:13:9-79
20-->[com.google.android.gms:play-services-cast-framework:21.2.0] AndroidManifest.xml:13:18-76
21    </queries>
22
23    <permission
23-->[androidx.core:core:1.13.1] AndroidManifest.xml:22:5-24:47
24        android:name="com.example.mydevesstream.DYNAMIC_RECEIVER_NOT_EXPORTED_PERMISSION"
24-->[androidx.core:core:1.13.1] AndroidManifest.xml:23:9-81
25        android:protectionLevel="signature" />
25-->[androidx.core:core:1.13.1] AndroidManifest.xml:24:9-44
26
27    <uses-permission android:name="com.example.mydevesstream.DYNAMIC_RECEIVER_NOT_EXPORTED_PERMISSION" />
27-->[androidx.core:core:1.13.1] AndroidManifest.xml:26:5-97
27-->[androidx.core:core:1.13.1] AndroidManifest.xml:26:22-94
28
29    <application
29-->src\main\AndroidManifest.xml:10:5-43:19
30        android:name="com.example.mydevesstream.di.ApplicationComponent"
30-->src\main\AndroidManifest.xml:11:9-48
31        android:allowBackup="true"
31-->src\main\AndroidManifest.xml:12:9-35
32        android:appComponentFactory="androidx.core.app.CoreComponentFactory"
32-->[androidx.core:core:1.13.1] AndroidManifest.xml:28:18-86
33        android:dataExtractionRules="@xml/data_extraction_rules"
33-->src\main\AndroidManifest.xml:13:9-65
34        android:debuggable="true"
35        android:extractNativeLibs="false"
36        android:fullBackupContent="@xml/backup_rules"
36-->src\main\AndroidManifest.xml:14:9-54
37        android:icon="@mipmap/ic_launcher"
37-->src\main\AndroidManifest.xml:15:9-43
38        android:label="@string/app_name"
38-->src\main\AndroidManifest.xml:16:9-41
39        android:roundIcon="@mipmap/ic_launcher_round"
39-->src\main\AndroidManifest.xml:17:9-54
40        android:supportsRtl="true"
40-->src\main\AndroidManifest.xml:18:9-35
41        android:testOnly="true"
42        android:theme="@style/AppTheme" >
42-->src\main\AndroidManifest.xml:19:9-40
43        <activity
43-->src\main\AndroidManifest.xml:22:9-24:40
44            android:name="com.example.mydevesstream.view.OnboardingActivity"
44-->src\main\AndroidManifest.xml:23:13-52
45            android:exported="false" />
45-->src\main\AndroidManifest.xml:24:13-37
46        <activity
46-->src\main\AndroidManifest.xml:25:9-27:40
47            android:name="com.example.mydevesstream.view.HomeActivity"
47-->src\main\AndroidManifest.xml:26:13-46
48            android:exported="false" />
48-->src\main\AndroidManifest.xml:27:13-37
49        <activity
49-->src\main\AndroidManifest.xml:28:9-30:40
50            android:name="com.example.mydevesstream.view.MovieDetailsActivity"
50-->src\main\AndroidManifest.xml:29:13-54
51            android:exported="false" />
51-->src\main\AndroidManifest.xml:30:13-37
52        <activity
52-->src\main\AndroidManifest.xml:31:9-33:40
53            android:name="com.example.mydevesstream.MainActivity"
53-->src\main\AndroidManifest.xml:32:13-41
54            android:exported="false" />
54-->src\main\AndroidManifest.xml:33:13-37
55        <activity
55-->src\main\AndroidManifest.xml:34:9-42:20
56            android:name="com.example.mydevesstream.view.splashActivity"
56-->src\main\AndroidManifest.xml:35:13-48
57            android:exported="true" >
57-->src\main\AndroidManifest.xml:36:13-36
58            <intent-filter>
58-->src\main\AndroidManifest.xml:37:13-41:29
59                <action android:name="android.intent.action.MAIN" />
59-->src\main\AndroidManifest.xml:38:17-69
59-->src\main\AndroidManifest.xml:38:25-66
60
61                <category android:name="android.intent.category.LAUNCHER" />
61-->src\main\AndroidManifest.xml:40:17-77
61-->src\main\AndroidManifest.xml:40:27-74
62            </intent-filter>
63        </activity>
64
65        <receiver
65-->[com.google.android.gms:play-services-cast-framework:21.2.0] AndroidManifest.xml:17:9-19:40
66            android:name="com.google.android.gms.cast.framework.media.MediaIntentReceiver"
66-->[com.google.android.gms:play-services-cast-framework:21.2.0] AndroidManifest.xml:18:13-91
67            android:exported="false" />
67-->[com.google.android.gms:play-services-cast-framework:21.2.0] AndroidManifest.xml:19:13-37
68
69        <service
69-->[com.google.android.gms:play-services-cast-framework:21.2.0] AndroidManifest.xml:21:9-24:61
70            android:name="com.google.android.gms.cast.framework.media.MediaNotificationService"
70-->[com.google.android.gms:play-services-cast-framework:21.2.0] AndroidManifest.xml:22:13-96
71            android:exported="false"
71-->[com.google.android.gms:play-services-cast-framework:21.2.0] AndroidManifest.xml:23:13-37
72            android:foregroundServiceType="mediaPlayback" />
72-->[com.google.android.gms:play-services-cast-framework:21.2.0] AndroidManifest.xml:24:13-58
73        <service
73-->[com.google.android.gms:play-services-cast-framework:21.2.0] AndroidManifest.xml:25:9-27:40
74            android:name="com.google.android.gms.cast.framework.ReconnectionService"
74-->[com.google.android.gms:play-services-cast-framework:21.2.0] AndroidManifest.xml:26:13-85
75            android:exported="false" />
75-->[com.google.android.gms:play-services-cast-framework:21.2.0] AndroidManifest.xml:27:13-37
76
77        <activity
77-->[com.google.android.gms:play-services-base:18.0.1] AndroidManifest.xml:20:9-22:45
78            android:name="com.google.android.gms.common.api.GoogleApiActivity"
78-->[com.google.android.gms:play-services-base:18.0.1] AndroidManifest.xml:20:19-85
79            android:exported="false"
79-->[com.google.android.gms:play-services-base:18.0.1] AndroidManifest.xml:22:19-43
80            android:theme="@android:style/Theme.Translucent.NoTitleBar" />
80-->[com.google.android.gms:play-services-base:18.0.1] AndroidManifest.xml:21:19-78
81
82        <meta-data
82-->[com.google.android.gms:play-services-basement:18.0.0] AndroidManifest.xml:21:9-23:69
83            android:name="com.google.android.gms.version"
83-->[com.google.android.gms:play-services-basement:18.0.0] AndroidManifest.xml:22:13-58
84            android:value="@integer/google_play_services_version" />
84-->[com.google.android.gms:play-services-basement:18.0.0] AndroidManifest.xml:23:13-66
85
86        <provider
86-->[androidx.emoji2:emoji2:1.3.0] AndroidManifest.xml:24:9-32:20
87            android:name="androidx.startup.InitializationProvider"
87-->[androidx.emoji2:emoji2:1.3.0] AndroidManifest.xml:25:13-67
88            android:authorities="com.example.mydevesstream.androidx-startup"
88-->[androidx.emoji2:emoji2:1.3.0] AndroidManifest.xml:26:13-68
89            android:exported="false" >
89-->[androidx.emoji2:emoji2:1.3.0] AndroidManifest.xml:27:13-37
90            <meta-data
90-->[androidx.emoji2:emoji2:1.3.0] AndroidManifest.xml:29:13-31:52
91                android:name="androidx.emoji2.text.EmojiCompatInitializer"
91-->[androidx.emoji2:emoji2:1.3.0] AndroidManifest.xml:30:17-75
92                android:value="androidx.startup" />
92-->[androidx.emoji2:emoji2:1.3.0] AndroidManifest.xml:31:17-49
93            <meta-data
93-->[androidx.lifecycle:lifecycle-process:2.6.2] AndroidManifest.xml:29:13-31:52
94                android:name="androidx.lifecycle.ProcessLifecycleInitializer"
94-->[androidx.lifecycle:lifecycle-process:2.6.2] AndroidManifest.xml:30:17-78
95                android:value="androidx.startup" />
95-->[androidx.lifecycle:lifecycle-process:2.6.2] AndroidManifest.xml:31:17-49
96            <meta-data
96-->[androidx.profileinstaller:profileinstaller:1.3.1] AndroidManifest.xml:29:13-31:52
97                android:name="androidx.profileinstaller.ProfileInstallerInitializer"
97-->[androidx.profileinstaller:profileinstaller:1.3.1] AndroidManifest.xml:30:17-85
98                android:value="androidx.startup" />
98-->[androidx.profileinstaller:profileinstaller:1.3.1] AndroidManifest.xml:31:17-49
99        </provider>
100        <provider
100-->[com.squareup.picasso:picasso:2.71828] AndroidManifest.xml:8:9-11:40
101            android:name="com.squareup.picasso.PicassoProvider"
101-->[com.squareup.picasso:picasso:2.71828] AndroidManifest.xml:9:13-64
102            android:authorities="com.example.mydevesstream.com.squareup.picasso"
102-->[com.squareup.picasso:picasso:2.71828] AndroidManifest.xml:10:13-72
103            android:exported="false" />
103-->[com.squareup.picasso:picasso:2.71828] AndroidManifest.xml:11:13-37
104
105        <receiver
105-->[androidx.profileinstaller:profileinstaller:1.3.1] AndroidManifest.xml:34:9-52:20
106            android:name="androidx.profileinstaller.ProfileInstallReceiver"
106-->[androidx.profileinstaller:profileinstaller:1.3.1] AndroidManifest.xml:35:13-76
107            android:directBootAware="false"
107-->[androidx.profileinstaller:profileinstaller:1.3.1] AndroidManifest.xml:36:13-44
108            android:enabled="true"
108-->[androidx.profileinstaller:profileinstaller:1.3.1] AndroidManifest.xml:37:13-35
109            android:exported="true"
109-->[androidx.profileinstaller:profileinstaller:1.3.1] AndroidManifest.xml:38:13-36
110            android:permission="android.permission.DUMP" >
110-->[androidx.profileinstaller:profileinstaller:1.3.1] AndroidManifest.xml:39:13-57
111            <intent-filter>
111-->[androidx.profileinstaller:profileinstaller:1.3.1] AndroidManifest.xml:40:13-42:29
112                <action android:name="androidx.profileinstaller.action.INSTALL_PROFILE" />
112-->[androidx.profileinstaller:profileinstaller:1.3.1] AndroidManifest.xml:41:17-91
112-->[androidx.profileinstaller:profileinstaller:1.3.1] AndroidManifest.xml:41:25-88
113            </intent-filter>
114            <intent-filter>
114-->[androidx.profileinstaller:profileinstaller:1.3.1] AndroidManifest.xml:43:13-45:29
115                <action android:name="androidx.profileinstaller.action.SKIP_FILE" />
115-->[androidx.profileinstaller:profileinstaller:1.3.1] AndroidManifest.xml:44:17-85
115-->[androidx.profileinstaller:profileinstaller:1.3.1] AndroidManifest.xml:44:25-82
116            </intent-filter>
117            <intent-filter>
117-->[androidx.profileinstaller:profileinstaller:1.3.1] AndroidManifest.xml:46:13-48:29
118                <action android:name="androidx.profileinstaller.action.SAVE_PROFILE" />
118-->[androidx.profileinstaller:profileinstaller:1.3.1] AndroidManifest.xml:47:17-88
118-->[androidx.profileinstaller:profileinstaller:1.3.1] AndroidManifest.xml:47:25-85
119            </intent-filter>
120            <intent-filter>
120-->[androidx.profileinstaller:profileinstaller:1.3.1] AndroidManifest.xml:49:13-51:29
121                <action android:name="androidx.profileinstaller.action.BENCHMARK_OPERATION" />
121-->[androidx.profileinstaller:profileinstaller:1.3.1] AndroidManifest.xml:50:17-95
121-->[androidx.profileinstaller:profileinstaller:1.3.1] AndroidManifest.xml:50:25-92
122            </intent-filter>
123        </receiver>
124
125        <service
125-->[com.google.android.datatransport:transport-backend-cct:3.1.3] AndroidManifest.xml:29:9-35:19
126            android:name="com.google.android.datatransport.runtime.backends.TransportBackendDiscovery"
126-->[com.google.android.datatransport:transport-backend-cct:3.1.3] AndroidManifest.xml:30:13-103
127            android:exported="false" >
127-->[com.google.android.datatransport:transport-backend-cct:3.1.3] AndroidManifest.xml:31:13-37
128            <meta-data
128-->[com.google.android.datatransport:transport-backend-cct:3.1.3] AndroidManifest.xml:32:13-34:39
129                android:name="backend:com.google.android.datatransport.cct.CctBackendFactory"
129-->[com.google.android.datatransport:transport-backend-cct:3.1.3] AndroidManifest.xml:33:17-94
130                android:value="cct" />
130-->[com.google.android.datatransport:transport-backend-cct:3.1.3] AndroidManifest.xml:34:17-36
131        </service>
132        <service
132-->[com.google.android.datatransport:transport-runtime:3.1.3] AndroidManifest.xml:26:9-30:19
133            android:name="com.google.android.datatransport.runtime.scheduling.jobscheduling.JobInfoSchedulerService"
133-->[com.google.android.datatransport:transport-runtime:3.1.3] AndroidManifest.xml:27:13-117
134            android:exported="false"
134-->[com.google.android.datatransport:transport-runtime:3.1.3] AndroidManifest.xml:28:13-37
135            android:permission="android.permission.BIND_JOB_SERVICE" >
135-->[com.google.android.datatransport:transport-runtime:3.1.3] AndroidManifest.xml:29:13-69
136        </service>
137
138        <receiver
138-->[com.google.android.datatransport:transport-runtime:3.1.3] AndroidManifest.xml:32:9-34:40
139            android:name="com.google.android.datatransport.runtime.scheduling.jobscheduling.AlarmManagerSchedulerBroadcastReceiver"
139-->[com.google.android.datatransport:transport-runtime:3.1.3] AndroidManifest.xml:33:13-132
140            android:exported="false" />
140-->[com.google.android.datatransport:transport-runtime:3.1.3] AndroidManifest.xml:34:13-37
141    </application>
142
143</manifest>